10
Mon Feb 17 08:37:20 2025       
+---------------------------------------------------------------------------------------+
| NVIDIA-SMI 535.54.03              Driver Version: 535.54.03    CUDA Version: 12.2     |
|-----------------------------------------+----------------------+----------------------+
| GPU  Name                 Persistence-M | Bus-Id        Disp.A | Volatile Uncorr. ECC |
| Fan  Temp   Perf          Pwr:Usage/Cap |         Memory-Usage | GPU-Util  Compute M. |
|                                         |                      |               MIG M. |
|=========================================+======================+======================|
|   0  NVIDIA RTX A6000               On  | 00000000:01:00.0 Off |                  Off |
| 30%   31C    P8              22W / 300W |     12MiB / 49140MiB |      0%      Default |
|                                         |                      |                  N/A |
+-----------------------------------------+----------------------+----------------------+
|   1  NVIDIA RTX A6000               On  | 00000000:25:00.0 Off |                  Off |
| 30%   43C    P2             155W / 300W |  16826MiB / 49140MiB |      0%      Default |
|                                         |                      |                  N/A |
+-----------------------------------------+----------------------+----------------------+
|   2  NVIDIA RTX A6000               On  | 00000000:41:00.0 Off |                  Off |
| 30%   46C    P2             160W / 300W |  28756MiB / 49140MiB |      0%      Default |
|                                         |                      |                  N/A |
+-----------------------------------------+----------------------+----------------------+
|   3  NVIDIA RTX A6000               On  | 00000000:61:00.0 Off |                  Off |
| 30%   60C    P2             156W / 300W |  29718MiB / 49140MiB |      0%      Default |
|                                         |                      |                  N/A |
+-----------------------------------------+----------------------+----------------------+
|   4  NVIDIA RTX A6000               On  | 00000000:81:00.0 Off |                  Off |
| 66%   84C    P2             296W / 300W |  35546MiB / 49140MiB |     99%      Default |
|                                         |                      |                  N/A |
+-----------------------------------------+----------------------+----------------------+
|   5  NVIDIA RTX A6000               On  | 00000000:A1:00.0 Off |                  Off |
| 59%   82C    P2             293W / 300W |  45202MiB / 49140MiB |     99%      Default |
|                                         |                      |                  N/A |
+-----------------------------------------+----------------------+----------------------+
|   6  NVIDIA RTX A6000               On  | 00000000:C1:00.0 Off |                  Off |
| 93%   92C    P2             249W / 300W |  46680MiB / 49140MiB |     99%      Default |
|                                         |                      |                  N/A |
+-----------------------------------------+----------------------+----------------------+
|   7  NVIDIA RTX A6000               On  | 00000000:E1:00.0 Off |                  Off |
|100%   92C    P2             262W / 300W |  42560MiB / 49140MiB |     99%      Default |
|                                         |                      |                  N/A |
+-----------------------------------------+----------------------+----------------------+
                                                                                         
+---------------------------------------------------------------------------------------+
| Processes:                                                                            |
|  GPU   GI   CI        PID   Type   Process name                            GPU Memory |
|        ID   ID                                                             Usage      |
|=======================================================================================|
+---------------------------------------------------------------------------------------+
/home/sakaya/.local/bin/pip
Traceback (most recent call last):
  File "/home/sakaya/TFG_RelatedWork/CodeTalker/main/train_pred.py", line 249, in <module>
    main()
  File "/home/sakaya/TFG_RelatedWork/CodeTalker/main/train_pred.py", line 50, in main
    main_worker(args.train_gpu, args.ngpus_per_node, args)
  File "/home/sakaya/TFG_RelatedWork/CodeTalker/main/train_pred.py", line 68, in main_worker
    model = get_model(cfg)
  File "/home/sakaya/TFG_RelatedWork/CodeTalker/models/__init__.py", line 10, in get_model
    from models.stage1_MEAD import VQAutoEncoder as Model
  File "/home/sakaya/TFG_RelatedWork/CodeTalker/models/stage1_MEAD.py", line 6, in <module>
    from models.lib.base_models import Transformer, LinearEmbedding, PositionalEncoding
  File "/home/sakaya/TFG_RelatedWork/CodeTalker/models/lib/base_models.py", line 1, in <module>
    from einops.layers.torch import Rearrange
ModuleNotFoundError: No module named 'einops'
