10
Mon Feb 17 08:32:41 2025       
+---------------------------------------------------------------------------------------+
| NVIDIA-SMI 535.54.03              Driver Version: 535.54.03    CUDA Version: 12.2     |
|-----------------------------------------+----------------------+----------------------+
| GPU  Name                 Persistence-M | Bus-Id        Disp.A | Volatile Uncorr. ECC |
| Fan  Temp   Perf          Pwr:Usage/Cap |         Memory-Usage | GPU-Util  Compute M. |
|                                         |                      |               MIG M. |
|=========================================+======================+======================|
|   0  NVIDIA RTX A6000               On  | 00000000:01:00.0 Off |                  Off |
| 30%   32C    P8              22W / 300W |     12MiB / 49140MiB |      0%      Default |
|                                         |                      |                  N/A |
+-----------------------------------------+----------------------+----------------------+
|   1  NVIDIA RTX A6000               On  | 00000000:25:00.0 Off |                  Off |
| 30%   41C    P2              79W / 300W |  16826MiB / 49140MiB |      0%      Default |
|                                         |                      |                  N/A |
+-----------------------------------------+----------------------+----------------------+
|   2  NVIDIA RTX A6000               On  | 00000000:41:00.0 Off |                  Off |
| 30%   43C    P2              86W / 300W |  28756MiB / 49140MiB |      0%      Default |
|                                         |                      |                  N/A |
+-----------------------------------------+----------------------+----------------------+
|   3  NVIDIA RTX A6000               On  | 00000000:61:00.0 Off |                  Off |
| 30%   49C    P2              84W / 300W |  26638MiB / 49140MiB |      0%      Default |
|                                         |                      |                  N/A |
+-----------------------------------------+----------------------+----------------------+
|   4  NVIDIA RTX A6000               On  | 00000000:81:00.0 Off |                  Off |
| 71%   86C    P2             293W / 300W |  35546MiB / 49140MiB |     98%      Default |
|                                         |                      |                  N/A |
+-----------------------------------------+----------------------+----------------------+
|   5  NVIDIA RTX A6000               On  | 00000000:A1:00.0 Off |                  Off |
| 59%   82C    P2             289W / 300W |  45202MiB / 49140MiB |     98%      Default |
|                                         |                      |                  N/A |
+-----------------------------------------+----------------------+----------------------+
|   6  NVIDIA RTX A6000               On  | 00000000:C1:00.0 Off |                  Off |
|100%   92C    P2             235W / 300W |  46680MiB / 49140MiB |     99%      Default |
|                                         |                      |                  N/A |
+-----------------------------------------+----------------------+----------------------+
|   7  NVIDIA RTX A6000               On  | 00000000:E1:00.0 Off |                  Off |
| 99%   91C    P2             251W / 300W |  42560MiB / 49140MiB |     98%      Default |
|                                         |                      |                  N/A |
+-----------------------------------------+----------------------+----------------------+
                                                                                         
+---------------------------------------------------------------------------------------+
| Processes:                                                                            |
|  GPU   GI   CI        PID   Type   Process name                            GPU Memory |
|        ID   ID                                                             Usage      |
|=======================================================================================|
+---------------------------------------------------------------------------------------+
/home/sakaya/.local/bin/pip
Traceback (most recent call last):
  File "/home/sakaya/TFG_RelatedWork/CodeTalker/main/train_pred.py", line 249, in <module>
    main()
  File "/home/sakaya/TFG_RelatedWork/CodeTalker/main/train_pred.py", line 50, in main
    main_worker(args.train_gpu, args.ngpus_per_node, args)
  File "/home/sakaya/TFG_RelatedWork/CodeTalker/main/train_pred.py", line 68, in main_worker
    model = get_model(cfg)
  File "/home/sakaya/TFG_RelatedWork/CodeTalker/models/__init__.py", line 13, in get_model
    raise Exception('architecture not supported yet'.format(cfg.arch))
Exception: architecture not supported yet
