10
Mon Feb 17 08:30:29 2025       
+---------------------------------------------------------------------------------------+
| NVIDIA-SMI 535.54.03              Driver Version: 535.54.03    CUDA Version: 12.2     |
|-----------------------------------------+----------------------+----------------------+
| GPU  Name                 Persistence-M | Bus-Id        Disp.A | Volatile Uncorr. ECC |
| Fan  Temp   Perf          Pwr:Usage/Cap |         Memory-Usage | GPU-Util  Compute M. |
|                                         |                      |               MIG M. |
|=========================================+======================+======================|
|   0  NVIDIA RTX A6000               On  | 00000000:01:00.0 Off |                  Off |
| 30%   32C    P8              22W / 300W |     12MiB / 49140MiB |      0%      Default |
|                                         |                      |                  N/A |
+-----------------------------------------+----------------------+----------------------+
|   1  NVIDIA RTX A6000               On  | 00000000:25:00.0 Off |                  Off |
| 30%   46C    P2             142W / 300W |  16826MiB / 49140MiB |      0%      Default |
|                                         |                      |                  N/A |
+-----------------------------------------+----------------------+----------------------+
|   2  NVIDIA RTX A6000               On  | 00000000:41:00.0 Off |                  Off |
| 30%   47C    P2             138W / 300W |  28756MiB / 49140MiB |      0%      Default |
|                                         |                      |                  N/A |
+-----------------------------------------+----------------------+----------------------+
|   3  NVIDIA RTX A6000               On  | 00000000:61:00.0 Off |                  Off |
| 39%   64C    P2             143W / 300W |  26638MiB / 49140MiB |      0%      Default |
|                                         |                      |                  N/A |
+-----------------------------------------+----------------------+----------------------+
|   4  NVIDIA RTX A6000               On  | 00000000:81:00.0 Off |                  Off |
| 70%   86C    P2             294W / 300W |  35546MiB / 49140MiB |     98%      Default |
|                                         |                      |                  N/A |
+-----------------------------------------+----------------------+----------------------+
|   5  NVIDIA RTX A6000               On  | 00000000:A1:00.0 Off |                  Off |
| 59%   83C    P2             294W / 300W |  45202MiB / 49140MiB |     99%      Default |
|                                         |                      |                  N/A |
+-----------------------------------------+----------------------+----------------------+
|   6  NVIDIA RTX A6000               On  | 00000000:C1:00.0 Off |                  Off |
|100%   92C    P2             246W / 300W |  46680MiB / 49140MiB |     99%      Default |
|                                         |                      |                  N/A |
+-----------------------------------------+----------------------+----------------------+
|   7  NVIDIA RTX A6000               On  | 00000000:E1:00.0 Off |                  Off |
| 40%   53C    P8              26W / 300W |  42560MiB / 49140MiB |      0%      Default |
|                                         |                      |                  N/A |
+-----------------------------------------+----------------------+----------------------+
                                                                                         
+---------------------------------------------------------------------------------------+
| Processes:                                                                            |
|  GPU   GI   CI        PID   Type   Process name                            GPU Memory |
|        ID   ID                                                             Usage      |
|=======================================================================================|
+---------------------------------------------------------------------------------------+
/home/sakaya/.local/bin/pip
Traceback (most recent call last):
  File "/home/sakaya/TFG_RelatedWork/CodeTalker/main/train_pred.py", line 249, in <module>
    main()
  File "/home/sakaya/TFG_RelatedWork/CodeTalker/main/train_pred.py", line 32, in main
    args = get_parser()
  File "/home/sakaya/TFG_RelatedWork/CodeTalker/base/utilities.py", line 18, in get_parser
    cfg = config.load_cfg_from_cfg_file(args.config)
  File "/home/sakaya/TFG_RelatedWork/CodeTalker/base/config.py", line 62, in load_cfg_from_cfg_file
    assert os.path.isfile(file) and file.endswith('.yaml'), \
AssertionError:  is not a yaml file
